<?xml version="1.0" encoding="UTF-8"?>
<!-- Generated by org.testng.reporters.JUnitXMLReporter -->
<testsuite hostname="WIN-Q5PJLV91P1O" ignored="0" name="Command line test" tests="14" failures="1" timestamp="09 五月 2020 08:13:45 GMT" time="27.425" errors="0">
  <testcase name="testBatchdelete" time="3.036" classname="cn.Knife.Wework.AddressBookManagement.UserTest"/>
  <testcase name="testCreate" time="0.597" classname="cn.Knife.Wework.AddressBookManagement.UserTest"/>
  <testcase name="testDelete" time="1.243" classname="cn.Knife.Wework.AddressBookManagement.UserTest"/>
  <testcase name="testGet" time="1.442" classname="cn.Knife.Wework.AddressBookManagement.UserTest"/>
  <testcase name="testList" time="0.409" classname="cn.Knife.Wework.AddressBookManagement.UserTest"/>
  <testcase name="testSimplelist" time="0.433" classname="cn.Knife.Wework.AddressBookManagement.UserTest"/>
  <testcase name="testUpdate" time="2.069" classname="cn.Knife.Wework.AddressBookManagement.UserTest"/>
  <testcase name="testDelete" time="3.48" classname="cn.Knife.Wework.DepartmentTest"/>
  <testcase name="testUpdate" time="2.524" classname="cn.Knife.Wework.DepartmentTest"/>
  <testcase name="errGetToken" time="0.338" classname="cn.Knife.Wework.GetAccess_tokenTest">
    <failure type="java.lang.AssertionError" message="1 expectation failed.
JSON path errcode doesn&amp;apos;t match.
Expected: &amp;lt;0&amp;gt;
  Actual: 41002
">
      <![CDATA[java.lang.AssertionError: 1 expectation failed.
JSON path errcode doesn't match.
Expected: <0>
  Actual: 41002

at org.codehaus.groovy.runtime.callsite.ConstructorSite$ConstructorSiteNoUnwrap.callConstructor(ConstructorSite.java:84)
at org.codehaus.groovy.runtime.callsite.CallSiteArray.defaultCallConstructor(CallSiteArray.java:59)
at org.codehaus.groovy.runtime.callsite.AbstractCallSite.callConstructor(AbstractCallSite.java:238)
at org.codehaus.groovy.runtime.callsite.AbstractCallSite.callConstructor(AbstractCallSite.java:250)
at io.restassured.internal.ResponseSpecificationImpl$HamcrestAssertionClosure.validate(ResponseSpecificationImpl.groovy:494)
at io.restassured.internal.ResponseSpecificationImpl$HamcrestAssertionClosure$validate$1.call(Unknown Source)
at io.restassured.internal.ResponseSpecificationImpl.validateResponseIfRequired(ResponseSpecificationImpl.groovy:656)
at org.codehaus.groovy.runtime.callsite.PogoMetaMethodSite$PogoCachedMethodSiteNoUnwrapNoCoerce.invoke(PogoMetaMethodSite.java:210)
at org.codehaus.groovy.runtime.callsite.PogoMetaMethodSite.callCurrent(PogoMetaMethodSite.java:59)
at org.codehaus.groovy.runtime.callsite.AbstractCallSite.callCurrent(AbstractCallSite.java:169)
at io.restassured.internal.ResponseSpecificationImpl.content(ResponseSpecificationImpl.groovy:277)
at io.restassured.specification.ResponseSpecification$content$2.callCurrent(Unknown Source)
at io.restassured.internal.ResponseSpecificationImpl.body(ResponseSpecificationImpl.groovy:260)
at io.restassured.internal.ValidatableResponseOptionsImpl.body(ValidatableResponseOptionsImpl.java:274)
at cn.Knife.Wework.GetAccess_tokenTest.errGetToken(GetAccess_tokenTest.java:39)
... Removed 44 stack frames]]>
    </failure>
  </testcase> <!-- errGetToken -->
  <testcase name="testGetToken" time="0.379" classname="cn.Knife.Wework.GetAccess_tokenTest"/>
  <testcase name="yamlTest" time="0.003" classname="cn.Knife.Wework.WeworkConfigTest"/>
  <testcase name="testGetToken" time="0.002" classname="cn.Knife.Wework.WeworkLoginTest"/>
  <testcase name="testCreate" time="2.585" classname="cn.Knife.Wework.DepartmentTest"/>
</testsuite> <!-- Command line test -->
